TN:
SF:/Users/guneto/Developer/js/js-jest-tests/carrinho.js
FN:1,Carrinho
FN:5,(anonymous_1)
FN:9,(anonymous_2)
FN:13,(anonymous_3)
FN:14,(anonymous_4)
FN:17,(anonymous_5)
FN:18,(anonymous_6)
FN:23,(anonymous_7)
FNF:8
FNH:8
FNDA:8,Carrinho
FNDA:3,(anonymous_1)
FNDA:16,(anonymous_2)
FNDA:5,(anonymous_3)
FNDA:13,(anonymous_4)
FNDA:4,(anonymous_5)
FNDA:10,(anonymous_6)
FNDA:2,(anonymous_7)
DA:2,8
DA:5,1
DA:6,3
DA:9,1
DA:10,16
DA:13,1
DA:14,13
DA:17,1
DA:18,4
DA:19,10
DA:23,1
DA:24,2
DA:27,1
LF:13
LH:13
BRF:0
BRH:0
end_of_record
TN:
SF:/Users/guneto/Developer/js/js-jest-tests/produto.js
FN:1,Produto
FNF:1
FNH:1
FNDA:16,Produto
DA:2,16
DA:3,16
DA:4,16
DA:7,1
LF:4
LH:4
BRF:0
BRH:0
end_of_record
